[2024-11-11 10:12:35] local.DEBUG: ApiToken middleware: eyJ0eXAiOiJKV1QiLCJhbGciOiJSUzI1NiJ9.eyJpc3MiOiJodHRwOi8vbG9jYWxob3N0OjgwODAvYXBpL2F1dGgvbG9naW4iLCJpYXQiOjE2MzQwNjYwNzYsImV4cCI6MTYzNDA2OTY3NiwibmJmIjoxNjM0MDY2MDc2LCJqdGkiOi  
[2024-11-11 10:12:35] local.DEBUG: ApiToken middleware: Authorized  
[2024-11-11 10:14:37] local.DEBUG: ApiToken middleware: eyJ0eXAiOiJKV1QiLCJhbGciOiJSUzI1NiJ9.eyJpc3MiOiJodHRwOi8vbG9jYWxob3N0OjgwODAvYXBpL2F1dGgvbG9naW4iLCJpYXQiOjE2MzQwNjYwNzYsImV4cCI6MTYzNDA2OTY3NiwibmJmIjoxNjM0MDY2MDc2LCJqdGkiOi  
[2024-11-11 10:14:37] local.DEBUG: ApiToken middleware: Authorized  
[2024-11-11 10:15:02] local.ERROR: Command "horizon" is not defined. {"exception":"[object] (Symfony\\Component\\Console\\Exception\\CommandNotFoundException(code: 0): Command \"horizon\" is not defined. at /var/www/laravel/vendor/symfony/console/Application.php:702)
[stacktrace]
#0 /var/www/laravel/vendor/symfony/console/Application.php(258): Symfony\\Component\\Console\\Application->find('horizon')
#1 /var/www/laravel/vendor/symfony/console/Application.php(167): Symfony\\Component\\Console\\Application->doRun(Object(Symfony\\Component\\Console\\Input\\ArgvInput), Object(Symfony\\Component\\Console\\Output\\ConsoleOutput))
#2 /var/www/laravel/vendor/laravel/framework/src/Illuminate/Foundation/Console/Kernel.php(197): Symfony\\Component\\Console\\Application->run(Object(Symfony\\Component\\Console\\Input\\ArgvInput), Object(Symfony\\Component\\Console\\Output\\ConsoleOutput))
#3 /var/www/laravel/vendor/laravel/framework/src/Illuminate/Foundation/Application.php(1203): Illuminate\\Foundation\\Console\\Kernel->handle(Object(Symfony\\Component\\Console\\Input\\ArgvInput), Object(Symfony\\Component\\Console\\Output\\ConsoleOutput))
#4 /var/www/laravel/artisan(13): Illuminate\\Foundation\\Application->handleCommand(Object(Symfony\\Component\\Console\\Input\\ArgvInput))
#5 {main}
"} 
[2024-11-11 10:15:18] local.ERROR: Command "queue:satart" is not defined.

Did you mean one of these?
    queue:batches-table
    queue:clear
    queue:failed
    queue:failed-table
    queue:flush
    queue:forget
    queue:listen
    queue:monitor
    queue:prune-batches
    queue:prune-failed
    queue:restart
    queue:retry
    queue:retry-batch
    queue:table
    queue:work {"exception":"[object] (Symfony\\Component\\Console\\Exception\\CommandNotFoundException(code: 0): Command \"queue:satart\" is not defined.

Did you mean one of these?
    queue:batches-table
    queue:clear
    queue:failed
    queue:failed-table
    queue:flush
    queue:forget
    queue:listen
    queue:monitor
    queue:prune-batches
    queue:prune-failed
    queue:restart
    queue:retry
    queue:retry-batch
    queue:table
    queue:work at /var/www/laravel/vendor/symfony/console/Application.php:702)
[stacktrace]
#0 /var/www/laravel/vendor/symfony/console/Application.php(258): Symfony\\Component\\Console\\Application->find('queue:satart')
#1 /var/www/laravel/vendor/symfony/console/Application.php(167): Symfony\\Component\\Console\\Application->doRun(Object(Symfony\\Component\\Console\\Input\\ArgvInput), Object(Symfony\\Component\\Console\\Output\\ConsoleOutput))
#2 /var/www/laravel/vendor/laravel/framework/src/Illuminate/Foundation/Console/Kernel.php(197): Symfony\\Component\\Console\\Application->run(Object(Symfony\\Component\\Console\\Input\\ArgvInput), Object(Symfony\\Component\\Console\\Output\\ConsoleOutput))
#3 /var/www/laravel/vendor/laravel/framework/src/Illuminate/Foundation/Application.php(1203): Illuminate\\Foundation\\Console\\Kernel->handle(Object(Symfony\\Component\\Console\\Input\\ArgvInput), Object(Symfony\\Component\\Console\\Output\\ConsoleOutput))
#4 /var/www/laravel/artisan(13): Illuminate\\Foundation\\Application->handleCommand(Object(Symfony\\Component\\Console\\Input\\ArgvInput))
#5 {main}
"} 
[2024-11-11 10:15:30] local.DEBUG: ApiToken middleware: eyJ0eXAiOiJKV1QiLCJhbGciOiJSUzI1NiJ9.eyJpc3MiOiJodHRwOi8vbG9jYWxob3N0OjgwODAvYXBpL2F1dGgvbG9naW4iLCJpYXQiOjE2MzQwNjYwNzYsImV4cCI6MTYzNDA2OTY3NiwibmJmIjoxNjM0MDY2MDc2LCJqdGkiOi  
[2024-11-11 10:15:30] local.DEBUG: ApiToken middleware: Authorized  
[2024-11-11 10:20:38] local.DEBUG: ApiToken middleware: eyJ0eXAiOiJKV1QiLCJhbGciOiJSUzI1NiJ9.eyJpc3MiOiJodHRwOi8vbG9jYWxob3N0OjgwODAvYXBpL2F1dGgvbG9naW4iLCJpYXQiOjE2MzQwNjYwNzYsImV4cCI6MTYzNDA2OTY3NiwibmJmIjoxNjM0MDY2MDc2LCJqdGkiOi  
[2024-11-11 10:20:38] local.DEBUG: ApiToken middleware: Authorized  
[2024-11-11 10:51:07] local.DEBUG: ApiToken middleware: eyJ0eXAiOiJKV1QiLCJhbGciOiJSUzI1NiJ9.eyJpc3MiOiJodHRwOi8vbG9jYWxob3N0OjgwODAvYXBpL2F1dGgvbG9naW4iLCJpYXQiOjE2MzQwNjYwNzYsImV4cCI6MTYzNDA2OTY3NiwibmJmIjoxNjM0MDY2MDc2LCJqdGkiOi  
[2024-11-11 10:51:07] local.DEBUG: ApiToken middleware: Authorized  
[2024-11-11 10:57:10] local.DEBUG: ApiToken middleware: eyJ0eXAiOiJKV1QiLCJhbGciOiJSUzI1NiJ9.eyJpc3MiOiJodHRwOi8vbG9jYWxob3N0OjgwODAvYXBpL2F1dGgvbG9naW4iLCJpYXQiOjE2MzQwNjYwNzYsImV4cCI6MTYzNDA2OTY3NiwibmJmIjoxNjM0MDY2MDc2LCJqdGkiOi  
[2024-11-11 10:57:10] local.DEBUG: ApiToken middleware: Authorized  
[2024-11-11 10:57:14] local.DEBUG: ApiToken middleware: eyJ0eXAiOiJKV1QiLCJhbGciOiJSUzI1NiJ9.eyJpc3MiOiJodHRwOi8vbG9jYWxob3N0OjgwODAvYXBpL2F1dGgvbG9naW4iLCJpYXQiOjE2MzQwNjYwNzYsImV4cCI6MTYzNDA2OTY3NiwibmJmIjoxNjM0MDY2MDc2LCJqdGkiOi  
[2024-11-11 10:57:14] local.DEBUG: ApiToken middleware: Authorized  
[2024-11-11 11:13:29] local.DEBUG: ApiToken middleware: eyJ0eXAiOiJKV1QiLCJhbGciOiJSUzI1NiJ9.eyJpc3MiOiJodHRwOi8vbG9jYWxob3N0OjgwODAvYXBpL2F1dGgvbG9naW4iLCJpYXQiOjE2MzQwNjYwNzYsImV4cCI6MTYzNDA2OTY3NiwibmJmIjoxNjM0MDY2MDc2LCJqdGkiOi  
[2024-11-11 11:13:29] local.DEBUG: ApiToken middleware: Authorized  
[2024-11-11 11:13:50] local.DEBUG: ApiToken middleware: eyJ0eXAiOiJKV1QiLCJhbGciOiJSUzI1NiJ9.eyJpc3MiOiJodHRwOi8vbG9jYWxob3N0OjgwODAvYXBpL2F1dGgvbG9naW4iLCJpYXQiOjE2MzQwNjYwNzYsImV4cCI6MTYzNDA2OTY3NiwibmJmIjoxNjM0MDY2MDc2LCJqdGkiOi  
[2024-11-11 11:13:50] local.DEBUG: ApiToken middleware: Authorized  
[2024-11-11 11:15:56] local.DEBUG: ApiToken middleware: eyJ0eXAiOiJKV1QiLCJhbGciOiJSUzI1NiJ9.eyJpc3MiOiJodHRwOi8vbG9jYWxob3N0OjgwODAvYXBpL2F1dGgvbG9naW4iLCJpYXQiOjE2MzQwNjYwNzYsImV4cCI6MTYzNDA2OTY3NiwibmJmIjoxNjM0MDY2MDc2LCJqdGkiOi  
[2024-11-11 11:15:56] local.DEBUG: ApiToken middleware: Authorized  
[2024-11-11 11:16:11] local.DEBUG: ApiToken middleware: eyJ0eXAiOiJKV1QiLCJhbGciOiJSUzI1NiJ9.eyJpc3MiOiJodHRwOi8vbG9jYWxob3N0OjgwODAvYXBpL2F1dGgvbG9naW4iLCJpYXQiOjE2MzQwNjYwNzYsImV4cCI6MTYzNDA2OTY3NiwibmJmIjoxNjM0MDY2MDc2LCJqdGkiOi  
[2024-11-11 11:16:11] local.DEBUG: ApiToken middleware: Authorized  
[2024-11-11 11:16:42] local.DEBUG: ApiToken middleware: eyJ0eXAiOiJKV1QiLCJhbGciOiJSUzI1NiJ9.eyJpc3MiOiJodHRwOi8vbG9jYWxob3N0OjgwODAvYXBpL2F1dGgvbG9naW4iLCJpYXQiOjE2MzQwNjYwNzYsImV4cCI6MTYzNDA2OTY3NiwibmJmIjoxNjM0MDY2MDc2LCJqdGkiOi  
[2024-11-11 11:16:42] local.DEBUG: ApiToken middleware: Authorized  
[2024-11-11 11:16:53] local.DEBUG: ApiToken middleware: eyJ0eXAiOiJKV1QiLCJhbGciOiJSUzI1NiJ9.eyJpc3MiOiJodHRwOi8vbG9jYWxob3N0OjgwODAvYXBpL2F1dGgvbG9naW4iLCJpYXQiOjE2MzQwNjYwNzYsImV4cCI6MTYzNDA2OTY3NiwibmJmIjoxNjM0MDY2MDc2LCJqdGkiOi  
[2024-11-11 11:16:53] local.DEBUG: ApiToken middleware: Authorized  
[2024-11-11 11:19:03] local.DEBUG: ApiToken middleware: eyJ0eXAiOiJKV1QiLCJhbGciOiJSUzI1NiJ9.eyJpc3MiOiJodHRwOi8vbG9jYWxob3N0OjgwODAvYXBpL2F1dGgvbG9naW4iLCJpYXQiOjE2MzQwNjYwNzYsImV4cCI6MTYzNDA2OTY3NiwibmJmIjoxNjM0MDY2MDc2LCJqdGkiOi  
[2024-11-11 11:19:03] local.DEBUG: ApiToken middleware: Authorized  
[2024-11-11 11:19:16] local.DEBUG: ApiToken middleware: eyJ0eXAiOiJKV1QiLCJhbGciOiJSUzI1NiJ9.eyJpc3MiOiJodHRwOi8vbG9jYWxob3N0OjgwODAvYXBpL2F1dGgvbG9naW4iLCJpYXQiOjE2MzQwNjYwNzYsImV4cCI6MTYzNDA2OTY3NiwibmJmIjoxNjM0MDY2MDc2LCJqdGkiOi  
[2024-11-11 11:19:16] local.DEBUG: ApiToken middleware: Authorized  
